0 info it worked if it ends with ok
1 verbose cli [ 'node', '/usr/local/bin/npm', 'install' ]
2 info using npm@1.3.11
3 info using node@v0.10.21
4 verbose readDependencies using package.json deps
5 verbose install where, deps [ '/Users/huip/Projects/slowlytime/slowlytime',
5 verbose install   [ 'express',
5 verbose install     'ejs',
5 verbose install     'stylus',
5 verbose install     'request',
5 verbose install     'async',
5 verbose install     'mongoose',
5 verbose install     'mysql',
5 verbose install     'weibo' ] ]
6 info preinstall slowlytime@0.0.1
7 warn package.json easymysql@0.2.7 No repository field.
8 verbose readDependencies using package.json deps
9 verbose already installed skipping ejs@* /Users/huip/Projects/slowlytime/slowlytime
10 verbose already installed skipping stylus@* /Users/huip/Projects/slowlytime/slowlytime
11 verbose already installed skipping request@* /Users/huip/Projects/slowlytime/slowlytime
12 verbose already installed skipping async@* /Users/huip/Projects/slowlytime/slowlytime
13 verbose already installed skipping mongoose@* /Users/huip/Projects/slowlytime/slowlytime
14 verbose already installed skipping mysql@* /Users/huip/Projects/slowlytime/slowlytime
15 verbose already installed skipping express@3.4.4 /Users/huip/Projects/slowlytime/slowlytime
16 verbose cache add [ 'weibo@*', null ]
17 verbose cache add name=undefined spec="weibo@*" args=["weibo@*",null]
18 verbose parsed url { protocol: null,
18 verbose parsed url   slashes: null,
18 verbose parsed url   auth: null,
18 verbose parsed url   host: null,
18 verbose parsed url   port: null,
18 verbose parsed url   hostname: null,
18 verbose parsed url   hash: null,
18 verbose parsed url   search: null,
18 verbose parsed url   query: null,
18 verbose parsed url   pathname: 'weibo@*',
18 verbose parsed url   path: 'weibo@*',
18 verbose parsed url   href: 'weibo@*' }
19 verbose cache add name="weibo" spec="*" args=["weibo","*"]
20 verbose parsed url { protocol: null,
20 verbose parsed url   slashes: null,
20 verbose parsed url   auth: null,
20 verbose parsed url   host: null,
20 verbose parsed url   port: null,
20 verbose parsed url   hostname: null,
20 verbose parsed url   hash: null,
20 verbose parsed url   search: null,
20 verbose parsed url   query: null,
20 verbose parsed url   pathname: '*',
20 verbose parsed url   path: '*',
20 verbose parsed url   href: '*' }
21 verbose addNamed [ 'weibo', '*' ]
22 verbose addNamed [ null, '*' ]
23 silly lockFile 21cca118-weibo weibo@*
24 verbose lock weibo@* /Users/huip/.npm/21cca118-weibo.lock
25 silly addNameRange { name: 'weibo', range: '*', hasData: false }
26 verbose url raw weibo
27 verbose url resolving [ 'https://registry.npmjs.org/', './weibo' ]
28 verbose url resolved https://registry.npmjs.org/weibo
29 info trying registry request attempt 1 at 17:22:39
30 http GET https://registry.npmjs.org/weibo
31 info retry will retry, error on last attempt: Error: getaddrinfo ENOTFOUND
32 info trying registry request attempt 2 at 17:23:19
33 http GET https://registry.npmjs.org/weibo
34 info retry will retry, error on last attempt: Error: getaddrinfo ENOTFOUND
35 info trying registry request attempt 3 at 17:24:49
36 http GET https://registry.npmjs.org/weibo
37 silly lockFile 21cca118-weibo weibo@*
38 silly lockFile 21cca118-weibo weibo@*
39 error network getaddrinfo ENOTFOUND
39 error network This is most likely not a problem with npm itself
39 error network and is related to network connectivity.
39 error network In most cases you are behind a proxy or have bad network settings.
39 error network
39 error network If you are behind a proxy, please make sure that the
39 error network 'proxy' config is set properly.  See: 'npm help config'
40 error System Darwin 13.2.0
41 error command "node" "/usr/local/bin/npm" "install"
42 error cwd /Users/huip/Projects/slowlytime/slowlytime
43 error node -v v0.10.21
44 error npm -v 1.3.11
45 error syscall getaddrinfo
46 error code ENOTFOUND
47 error errno ENOTFOUND
48 verbose exit [ 1, true ]
